[0.596s] Invoking command in '/home/youngtae/ws/ros_ws/build/urdf_tutorial': PYTHONPATH=/home/youngtae/ws/ros_ws/build/urdf_tutorial/prefix_override:/usr/lib/python3/dist-packages/colcon_core/task/python/colcon_distutils_commands:/home/youngtae/ws/ros_ws/install/urdf_tutorial/lib/python3.10/site-packages:${PYTHONPATH} /usr/bin/python3 -W ignore:setup.py install is deprecated -W ignore:easy_install command is deprecated setup.py develop --editable --build-directory /home/youngtae/ws/ros_ws/build/urdf_tutorial/build --no-deps symlink_data --force
[0.769s] running develop
[0.870s] running egg_info
[0.870s] writing urdf_tutorial.egg-info/PKG-INFO
[0.870s] writing dependency_links to urdf_tutorial.egg-info/dependency_links.txt
[0.870s] writing entry points to urdf_tutorial.egg-info/entry_points.txt
[0.870s] writing requirements to urdf_tutorial.egg-info/requires.txt
[0.870s] writing top-level names to urdf_tutorial.egg-info/top_level.txt
[0.871s] reading manifest file 'urdf_tutorial.egg-info/SOURCES.txt'
[0.872s] writing manifest file 'urdf_tutorial.egg-info/SOURCES.txt'
[0.873s] running build_ext
[0.873s] Creating /home/youngtae/ws/ros_ws/install/urdf_tutorial/lib/python3.10/site-packages/urdf-tutorial.egg-link (link to .)
[0.873s] 
[0.873s] Installed /home/youngtae/ws/ros_ws/build/urdf_tutorial
[0.874s] running symlink_data
[0.874s] symbolically linking /home/youngtae/ws/ros_ws/build/urdf_tutorial/resource/urdf_tutorial -> /home/youngtae/ws/ros_ws/install/urdf_tutorial/share/ament_index/resource_index/packages
[0.874s] symbolically linking /home/youngtae/ws/ros_ws/build/urdf_tutorial/package.xml -> /home/youngtae/ws/ros_ws/install/urdf_tutorial/share/urdf_tutorial
[0.874s] symbolically linking /home/youngtae/ws/ros_ws/build/urdf_tutorial/launch/robot_2.launch.py -> /home/youngtae/ws/ros_ws/install/urdf_tutorial/share/urdf_tutorial/launch
[0.874s] symbolically linking /home/youngtae/ws/ros_ws/build/urdf_tutorial/launch/robot_3.launch.py -> /home/youngtae/ws/ros_ws/install/urdf_tutorial/share/urdf_tutorial/launch
[0.874s] symbolically linking /home/youngtae/ws/ros_ws/build/urdf_tutorial/launch/robot_1.launch.py -> /home/youngtae/ws/ros_ws/install/urdf_tutorial/share/urdf_tutorial/launch
[0.874s] symbolically linking /home/youngtae/ws/ros_ws/build/urdf_tutorial/urdf/robot_3.xacro -> /home/youngtae/ws/ros_ws/install/urdf_tutorial/share/urdf_tutorial/urdf
[0.874s] error: [Errno 2] No such file or directory: '/home/youngtae/ws/ros_ws/install/urdf_tutorial/share/urdf_tutorial/urdf/macors.xacro'
[0.892s] Invoked command in '/home/youngtae/ws/ros_ws/build/urdf_tutorial' returned '1': PYTHONPATH=/home/youngtae/ws/ros_ws/build/urdf_tutorial/prefix_override:/usr/lib/python3/dist-packages/colcon_core/task/python/colcon_distutils_commands:/home/youngtae/ws/ros_ws/install/urdf_tutorial/lib/python3.10/site-packages:${PYTHONPATH} /usr/bin/python3 -W ignore:setup.py install is deprecated -W ignore:easy_install command is deprecated setup.py develop --editable --build-directory /home/youngtae/ws/ros_ws/build/urdf_tutorial/build --no-deps symlink_data --force
