[0.543s] Invoking command in '/home/youngtae/ws/ros_ws/src/urdf_tutorial': PYTHONPATH=/home/youngtae/ws/ros_ws/build/urdf_tutorial/prefix_override:/usr/lib/python3/dist-packages/colcon_core/task/python/colcon_distutils_commands:/home/youngtae/ws/ros_ws/install/urdf_tutorial/lib/python3.10/site-packages:${PYTHONPATH} /usr/bin/python3 -W ignore:setup.py install is deprecated -W ignore:easy_install command is deprecated setup.py egg_info --egg-base ../../build/urdf_tutorial build --build-base /home/youngtae/ws/ros_ws/build/urdf_tutorial/build install --record /home/youngtae/ws/ros_ws/build/urdf_tutorial/install.log --single-version-externally-managed install_data
[0.695s] running egg_info
[0.695s] writing ../../build/urdf_tutorial/urdf_tutorial.egg-info/PKG-INFO
[0.695s] writing dependency_links to ../../build/urdf_tutorial/urdf_tutorial.egg-info/dependency_links.txt
[0.695s] writing entry points to ../../build/urdf_tutorial/urdf_tutorial.egg-info/entry_points.txt
[0.696s] writing requirements to ../../build/urdf_tutorial/urdf_tutorial.egg-info/requires.txt
[0.696s] writing top-level names to ../../build/urdf_tutorial/urdf_tutorial.egg-info/top_level.txt
[0.697s] reading manifest file '../../build/urdf_tutorial/urdf_tutorial.egg-info/SOURCES.txt'
[0.697s] writing manifest file '../../build/urdf_tutorial/urdf_tutorial.egg-info/SOURCES.txt'
[0.697s] running build
[0.697s] running build_py
[0.697s] running install
[0.698s] running install_lib
[0.699s] running install_data
[0.699s] copying urdf/lidar.xacro -> /home/youngtae/ws/ros_ws/install/urdf_tutorial/share/urdf_tutorial/urdf
[0.703s] copying urdf/robot_4.xacro -> /home/youngtae/ws/ros_ws/install/urdf_tutorial/share/urdf_tutorial/urdf
[0.703s] running install_egg_info
[0.704s] removing '/home/youngtae/ws/ros_ws/install/urdf_tutorial/lib/python3.10/site-packages/urdf_tutorial-0.0.0-py3.10.egg-info' (and everything under it)
[0.705s] Copying ../../build/urdf_tutorial/urdf_tutorial.egg-info to /home/youngtae/ws/ros_ws/install/urdf_tutorial/lib/python3.10/site-packages/urdf_tutorial-0.0.0-py3.10.egg-info
[0.705s] running install_scripts
[0.722s] writing list of installed files to '/home/youngtae/ws/ros_ws/build/urdf_tutorial/install.log'
[0.747s] Invoked command in '/home/youngtae/ws/ros_ws/src/urdf_tutorial' returned '0': PYTHONPATH=/home/youngtae/ws/ros_ws/build/urdf_tutorial/prefix_override:/usr/lib/python3/dist-packages/colcon_core/task/python/colcon_distutils_commands:/home/youngtae/ws/ros_ws/install/urdf_tutorial/lib/python3.10/site-packages:${PYTHONPATH} /usr/bin/python3 -W ignore:setup.py install is deprecated -W ignore:easy_install command is deprecated setup.py egg_info --egg-base ../../build/urdf_tutorial build --build-base /home/youngtae/ws/ros_ws/build/urdf_tutorial/build install --record /home/youngtae/ws/ros_ws/build/urdf_tutorial/install.log --single-version-externally-managed install_data
