[0.564s] Invoking command in '/home/youngtae/ws/ros_ws/build/urdf_tutorial': PYTHONPATH=/home/youngtae/ws/ros_ws/build/urdf_tutorial/prefix_override:/usr/lib/python3/dist-packages/colcon_core/task/python/colcon_distutils_commands:/home/youngtae/ws/ros_ws/install/urdf_tutorial/lib/python3.10/site-packages:${PYTHONPATH} /usr/bin/python3 -W ignore:setup.py install is deprecated -W ignore:easy_install command is deprecated setup.py develop --uninstall --editable --build-directory /home/youngtae/ws/ros_ws/build/urdf_tutorial/build
[0.724s] running develop
[0.823s] Removing /home/youngtae/ws/ros_ws/install/urdf_tutorial/lib/python3.10/site-packages/urdf-tutorial.egg-link (link to .)
[0.841s] Invoked command in '/home/youngtae/ws/ros_ws/build/urdf_tutorial' returned '0': PYTHONPATH=/home/youngtae/ws/ros_ws/build/urdf_tutorial/prefix_override:/usr/lib/python3/dist-packages/colcon_core/task/python/colcon_distutils_commands:/home/youngtae/ws/ros_ws/install/urdf_tutorial/lib/python3.10/site-packages:${PYTHONPATH} /usr/bin/python3 -W ignore:setup.py install is deprecated -W ignore:easy_install command is deprecated setup.py develop --uninstall --editable --build-directory /home/youngtae/ws/ros_ws/build/urdf_tutorial/build
[0.842s] Invoking command in '/home/youngtae/ws/ros_ws/src/urdf_tutorial': PYTHONPATH=/home/youngtae/ws/ros_ws/build/urdf_tutorial/prefix_override:/usr/lib/python3/dist-packages/colcon_core/task/python/colcon_distutils_commands:/home/youngtae/ws/ros_ws/install/urdf_tutorial/lib/python3.10/site-packages:${PYTHONPATH} /usr/bin/python3 -W ignore:setup.py install is deprecated -W ignore:easy_install command is deprecated setup.py egg_info --egg-base ../../build/urdf_tutorial build --build-base /home/youngtae/ws/ros_ws/build/urdf_tutorial/build install --record /home/youngtae/ws/ros_ws/build/urdf_tutorial/install.log --single-version-externally-managed install_data --force
[0.993s] running egg_info
[0.994s] writing ../../build/urdf_tutorial/urdf_tutorial.egg-info/PKG-INFO
[0.994s] writing dependency_links to ../../build/urdf_tutorial/urdf_tutorial.egg-info/dependency_links.txt
[0.994s] writing entry points to ../../build/urdf_tutorial/urdf_tutorial.egg-info/entry_points.txt
[0.994s] writing requirements to ../../build/urdf_tutorial/urdf_tutorial.egg-info/requires.txt
[0.994s] writing top-level names to ../../build/urdf_tutorial/urdf_tutorial.egg-info/top_level.txt
[0.995s] reading manifest file '../../build/urdf_tutorial/urdf_tutorial.egg-info/SOURCES.txt'
[0.996s] writing manifest file '../../build/urdf_tutorial/urdf_tutorial.egg-info/SOURCES.txt'
[0.996s] running build
[0.996s] running build_py
[0.996s] creating /home/youngtae/ws/ros_ws/build/urdf_tutorial/build
[0.996s] creating /home/youngtae/ws/ros_ws/build/urdf_tutorial/build/lib
[0.996s] creating /home/youngtae/ws/ros_ws/build/urdf_tutorial/build/lib/urdf_tutorial
[0.996s] copying urdf_tutorial/__init__.py -> /home/youngtae/ws/ros_ws/build/urdf_tutorial/build/lib/urdf_tutorial
[0.996s] running install
[0.996s] running install_lib
[0.997s] creating /home/youngtae/ws/ros_ws/install/urdf_tutorial/lib/python3.10/site-packages/urdf_tutorial
[0.997s] copying /home/youngtae/ws/ros_ws/build/urdf_tutorial/build/lib/urdf_tutorial/__init__.py -> /home/youngtae/ws/ros_ws/install/urdf_tutorial/lib/python3.10/site-packages/urdf_tutorial
[0.997s] byte-compiling /home/youngtae/ws/ros_ws/install/urdf_tutorial/lib/python3.10/site-packages/urdf_tutorial/__init__.py to __init__.cpython-310.pyc
[0.997s] running install_data
[0.997s] copying resource/urdf_tutorial -> /home/youngtae/ws/ros_ws/install/urdf_tutorial/share/ament_index/resource_index/packages
[0.997s] copying package.xml -> /home/youngtae/ws/ros_ws/install/urdf_tutorial/share/urdf_tutorial
[0.997s] copying launch/robot_2.launch.py -> /home/youngtae/ws/ros_ws/install/urdf_tutorial/share/urdf_tutorial/launch
[0.997s] copying launch/robot_1.launch.py -> /home/youngtae/ws/ros_ws/install/urdf_tutorial/share/urdf_tutorial/launch
[0.998s] copying urdf/macros.xacro -> /home/youngtae/ws/ros_ws/install/urdf_tutorial/share/urdf_tutorial/urdf
[0.998s] copying urdf/robot_2.xacro -> /home/youngtae/ws/ros_ws/install/urdf_tutorial/share/urdf_tutorial/urdf
[0.998s] copying urdf/robot_1.xacro -> /home/youngtae/ws/ros_ws/install/urdf_tutorial/share/urdf_tutorial/urdf
[0.998s] running install_egg_info
[0.999s] Copying ../../build/urdf_tutorial/urdf_tutorial.egg-info to /home/youngtae/ws/ros_ws/install/urdf_tutorial/lib/python3.10/site-packages/urdf_tutorial-0.0.0-py3.10.egg-info
[1.000s] running install_scripts
[1.013s] writing list of installed files to '/home/youngtae/ws/ros_ws/build/urdf_tutorial/install.log'
[1.028s] Invoked command in '/home/youngtae/ws/ros_ws/src/urdf_tutorial' returned '0': PYTHONPATH=/home/youngtae/ws/ros_ws/build/urdf_tutorial/prefix_override:/usr/lib/python3/dist-packages/colcon_core/task/python/colcon_distutils_commands:/home/youngtae/ws/ros_ws/install/urdf_tutorial/lib/python3.10/site-packages:${PYTHONPATH} /usr/bin/python3 -W ignore:setup.py install is deprecated -W ignore:easy_install command is deprecated setup.py egg_info --egg-base ../../build/urdf_tutorial build --build-base /home/youngtae/ws/ros_ws/build/urdf_tutorial/build install --record /home/youngtae/ws/ros_ws/build/urdf_tutorial/install.log --single-version-externally-managed install_data --force
