[0.106s] DEBUG:colcon:Command line arguments: ['/usr/bin/colcon', 'build']
[0.106s] DEBUG:colcon:Parsed command line arguments: Namespace(log_base=None, log_level=None, verb_name='build', build_base='build', install_base='install', merge_install=False, symlink_install=False, test_result_base=None, continue_on_error=False, executor='parallel', parallel_workers=16, event_handlers=None, ignore_user_meta=False, metas=['./colcon.meta'], base_paths=['.'], packages_ignore=None, packages_ignore_regex=None, paths=None, packages_up_to=None, packages_up_to_regex=None, packages_above=None, packages_above_and_dependencies=None, packages_above_depth=None, packages_select_by_dep=None, packages_skip_by_dep=None, packages_skip_up_to=None, packages_select_build_failed=False, packages_skip_build_finished=False, packages_select_test_failures=False, packages_skip_test_passed=False, packages_select=None, packages_skip=None, packages_select_regex=None, packages_skip_regex=None, packages_start=None, packages_end=None, allow_overriding=[], cmake_args=None, cmake_target=None, cmake_target_skip_unavailable=False, cmake_clean_cache=False, cmake_clean_first=False, cmake_force_configure=False, ament_cmake_args=None, catkin_cmake_args=None, catkin_skip_building_tests=False, verb_parser=<colcon_defaults.argument_parser.defaults.DefaultArgumentsDecorator object at 0x71e64c81b310>, verb_extension=<colcon_core.verb.build.BuildVerb object at 0x71e64c9687f0>, main=<bound method BuildVerb.main of <colcon_core.verb.build.BuildVerb object at 0x71e64c9687f0>>)
[0.267s] Level 1:colcon.colcon_core.package_discovery:discover_packages(colcon_meta) check parameters
[0.268s] Level 1:colcon.colcon_core.package_discovery:discover_packages(recursive) check parameters
[0.268s] Level 1:colcon.colcon_core.package_discovery:discover_packages(ignore) check parameters
[0.268s] Level 1:colcon.colcon_core.package_discovery:discover_packages(path) check parameters
[0.268s] Level 1:colcon.colcon_core.package_discovery:discover_packages(colcon_meta) discover
[0.268s] Level 1:colcon.colcon_core.package_discovery:discover_packages(recursive) discover
[0.268s] INFO:colcon.colcon_core.package_discovery:Crawling recursively for packages in '/home/youngtae/ws/ros_ws'
[0.268s] Level 1:colcon.colcon_core.package_identification:_identify(.) by extensions ['ignore', 'ignore_ament_install']
[0.268s] Level 1:colcon.colcon_core.package_identification:_identify(.) by extension 'ignore'
[0.268s] Level 1:colcon.colcon_core.package_identification:_identify(.) by extension 'ignore_ament_install'
[0.268s] Level 1:colcon.colcon_core.package_identification:_identify(.) by extensions ['colcon_pkg']
[0.268s] Level 1:colcon.colcon_core.package_identification:_identify(.) by extension 'colcon_pkg'
[0.268s] Level 1:colcon.colcon_core.package_identification:_identify(.) by extensions ['colcon_meta']
[0.268s] Level 1:colcon.colcon_core.package_identification:_identify(.) by extension 'colcon_meta'
[0.268s] Level 1:colcon.colcon_core.package_identification:_identify(.) by extensions ['ros']
[0.268s] Level 1:colcon.colcon_core.package_identification:_identify(.) by extension 'ros'
[0.280s] Level 1:colcon.colcon_core.package_identification:_identify(.) by extensions ['cmake', 'python']
[0.280s] Level 1:colcon.colcon_core.package_identification:_identify(.) by extension 'cmake'
[0.280s] Level 1:colcon.colcon_core.package_identification:_identify(.) by extension 'python'
[0.280s] Level 1:colcon.colcon_core.package_identification:_identify(.) by extensions ['python_setup_py']
[0.280s] Level 1:colcon.colcon_core.package_identification:_identify(.) by extension 'python_setup_py'
[0.280s] Level 1:colcon.colcon_core.package_identification:_identify(build) by extensions ['ignore', 'ignore_ament_install']
[0.281s] Level 1:colcon.colcon_core.package_identification:_identify(build) by extension 'ignore'
[0.281s] Level 1:colcon.colcon_core.package_identification:_identify(build) ignored
[0.281s] Level 1:colcon.colcon_core.package_identification:_identify(install) by extensions ['ignore', 'ignore_ament_install']
[0.281s] Level 1:colcon.colcon_core.package_identification:_identify(install) by extension 'ignore'
[0.281s] Level 1:colcon.colcon_core.package_identification:_identify(install) ignored
[0.281s] Level 1:colcon.colcon_core.package_identification:_identify(log) by extensions ['ignore', 'ignore_ament_install']
[0.281s] Level 1:colcon.colcon_core.package_identification:_identify(log) by extension 'ignore'
[0.281s] Level 1:colcon.colcon_core.package_identification:_identify(log) ignored
[0.281s] Level 1:colcon.colcon_core.package_identification:_identify(src) by extensions ['ignore', 'ignore_ament_install']
[0.281s] Level 1:colcon.colcon_core.package_identification:_identify(src) by extension 'ignore'
[0.281s] Level 1:colcon.colcon_core.package_identification:_identify(src) by extension 'ignore_ament_install'
[0.281s] Level 1:colcon.colcon_core.package_identification:_identify(src) by extensions ['colcon_pkg']
[0.281s] Level 1:colcon.colcon_core.package_identification:_identify(src) by extension 'colcon_pkg'
[0.282s] Level 1:colcon.colcon_core.package_identification:_identify(src) by extensions ['colcon_meta']
[0.282s] Level 1:colcon.colcon_core.package_identification:_identify(src) by extension 'colcon_meta'
[0.282s] Level 1:colcon.colcon_core.package_identification:_identify(src) by extensions ['ros']
[0.282s] Level 1:colcon.colcon_core.package_identification:_identify(src) by extension 'ros'
[0.282s] Level 1:colcon.colcon_core.package_identification:_identify(src) by extensions ['cmake', 'python']
[0.282s] Level 1:colcon.colcon_core.package_identification:_identify(src) by extension 'cmake'
[0.282s] Level 1:colcon.colcon_core.package_identification:_identify(src) by extension 'python'
[0.282s] Level 1:colcon.colcon_core.package_identification:_identify(src) by extensions ['python_setup_py']
[0.282s] Level 1:colcon.colcon_core.package_identification:_identify(src) by extension 'python_setup_py'
[0.282s] Level 1:colcon.colcon_core.package_identification:_identify(src/urdf_tutorial) by extensions ['ignore', 'ignore_ament_install']
[0.282s] Level 1:colcon.colcon_core.package_identification:_identify(src/urdf_tutorial) by extension 'ignore'
[0.282s] Level 1:colcon.colcon_core.package_identification:_identify(src/urdf_tutorial) by extension 'ignore_ament_install'
[0.282s] Level 1:colcon.colcon_core.package_identification:_identify(src/urdf_tutorial) by extensions ['colcon_pkg']
[0.282s] Level 1:colcon.colcon_core.package_identification:_identify(src/urdf_tutorial) by extension 'colcon_pkg'
[0.282s] Level 1:colcon.colcon_core.package_identification:_identify(src/urdf_tutorial) by extensions ['colcon_meta']
[0.282s] Level 1:colcon.colcon_core.package_identification:_identify(src/urdf_tutorial) by extension 'colcon_meta'
[0.282s] Level 1:colcon.colcon_core.package_identification:_identify(src/urdf_tutorial) by extensions ['ros']
[0.282s] Level 1:colcon.colcon_core.package_identification:_identify(src/urdf_tutorial) by extension 'ros'
[0.285s] DEBUG:colcon.colcon_core.package_identification:Package 'src/urdf_tutorial' with type 'ros.ament_python' and name 'urdf_tutorial'
[0.285s] Level 1:colcon.colcon_core.package_discovery:discover_packages(recursive) using defaults
[0.285s] Level 1:colcon.colcon_core.package_discovery:discover_packages(ignore) discover
[0.285s] Level 1:colcon.colcon_core.package_discovery:discover_packages(ignore) using defaults
[0.285s] Level 1:colcon.colcon_core.package_discovery:discover_packages(path) discover
[0.285s] Level 1:colcon.colcon_core.package_discovery:discover_packages(path) using defaults
[0.305s] Level 1:colcon.colcon_core.package_discovery:discover_packages(prefix_path) check parameters
[0.305s] Level 1:colcon.colcon_core.package_discovery:discover_packages(prefix_path) discover
[0.306s] DEBUG:colcon.colcon_installed_package_information.package_discovery:Found 1 installed packages in /home/youngtae/ws/ros_ws/install
[0.308s] DEBUG:colcon.colcon_installed_package_information.package_discovery:Found 351 installed packages in /opt/ros/humble
[0.322s] Level 1:colcon.colcon_core.package_discovery:discover_packages(prefix_path) using defaults
[0.365s] Level 5:colcon.colcon_core.verb:set package 'urdf_tutorial' build argument 'cmake_args' from command line to 'None'
[0.365s] Level 5:colcon.colcon_core.verb:set package 'urdf_tutorial' build argument 'cmake_target' from command line to 'None'
[0.365s] Level 5:colcon.colcon_core.verb:set package 'urdf_tutorial' build argument 'cmake_target_skip_unavailable' from command line to 'False'
[0.365s] Level 5:colcon.colcon_core.verb:set package 'urdf_tutorial' build argument 'cmake_clean_cache' from command line to 'False'
[0.365s] Level 5:colcon.colcon_core.verb:set package 'urdf_tutorial' build argument 'cmake_clean_first' from command line to 'False'
[0.365s] Level 5:colcon.colcon_core.verb:set package 'urdf_tutorial' build argument 'cmake_force_configure' from command line to 'False'
[0.365s] Level 5:colcon.colcon_core.verb:set package 'urdf_tutorial' build argument 'ament_cmake_args' from command line to 'None'
[0.365s] Level 5:colcon.colcon_core.verb:set package 'urdf_tutorial' build argument 'catkin_cmake_args' from command line to 'None'
[0.365s] Level 5:colcon.colcon_core.verb:set package 'urdf_tutorial' build argument 'catkin_skip_building_tests' from command line to 'False'
[0.365s] DEBUG:colcon.colcon_core.verb:Building package 'urdf_tutorial' with the following arguments: {'ament_cmake_args': None, 'build_base': '/home/youngtae/ws/ros_ws/build/urdf_tutorial', 'catkin_cmake_args': None, 'catkin_skip_building_tests': False, 'cmake_args': None, 'cmake_clean_cache': False, 'cmake_clean_first': False, 'cmake_force_configure': False, 'cmake_target': None, 'cmake_target_skip_unavailable': False, 'install_base': '/home/youngtae/ws/ros_ws/install/urdf_tutorial', 'merge_install': False, 'path': '/home/youngtae/ws/ros_ws/src/urdf_tutorial', 'symlink_install': False, 'test_result_base': None}
[0.365s] INFO:colcon.colcon_core.executor:Executing jobs using 'parallel' executor
[0.366s] DEBUG:colcon.colcon_parallel_executor.executor.parallel:run_until_complete
[0.366s] INFO:colcon.colcon_ros.task.ament_python.build:Building ROS package in '/home/youngtae/ws/ros_ws/src/urdf_tutorial' with build type 'ament_python'
[0.367s] Level 1:colcon.colcon_core.shell:create_environment_hook('urdf_tutorial', 'ament_prefix_path')
[0.369s] INFO:colcon.colcon_core.plugin_system:Skipping extension 'colcon_core.shell.bat': Not used on non-Windows systems
[0.369s] INFO:colcon.colcon_core.shell:Creating environment hook '/home/youngtae/ws/ros_ws/install/urdf_tutorial/share/urdf_tutorial/hook/ament_prefix_path.ps1'
[0.370s] INFO:colcon.colcon_core.shell:Creating environment descriptor '/home/youngtae/ws/ros_ws/install/urdf_tutorial/share/urdf_tutorial/hook/ament_prefix_path.dsv'
[0.370s] INFO:colcon.colcon_core.shell:Creating environment hook '/home/youngtae/ws/ros_ws/install/urdf_tutorial/share/urdf_tutorial/hook/ament_prefix_path.sh'
[0.371s] INFO:colcon.colcon_core.shell:Skip shell extension 'powershell' for command environment: Not usable outside of PowerShell
[0.371s] DEBUG:colcon.colcon_core.shell:Skip shell extension 'dsv' for command environment
[0.625s] INFO:colcon.colcon_core.task.python.build:Building Python package in '/home/youngtae/ws/ros_ws/src/urdf_tutorial'
[0.625s] INFO:colcon.colcon_core.shell:Skip shell extension 'powershell' for command environment: Not usable outside of PowerShell
[0.625s] DEBUG:colcon.colcon_core.shell:Skip shell extension 'dsv' for command environment
[0.966s] DEBUG:colcon.colcon_core.event_handler.log_command:Invoking command in '/home/youngtae/ws/ros_ws/build/urdf_tutorial': PYTHONPATH=/home/youngtae/ws/ros_ws/build/urdf_tutorial/prefix_override:/usr/lib/python3/dist-packages/colcon_core/task/python/colcon_distutils_commands:/home/youngtae/ws/ros_ws/install/urdf_tutorial/lib/python3.10/site-packages:${PYTHONPATH} /usr/bin/python3 -W ignore:setup.py install is deprecated -W ignore:easy_install command is deprecated setup.py develop --uninstall --editable --build-directory /home/youngtae/ws/ros_ws/build/urdf_tutorial/build
[1.252s] DEBUG:colcon.colcon_core.event_handler.log_command:Invoked command in '/home/youngtae/ws/ros_ws/build/urdf_tutorial' returned '0': PYTHONPATH=/home/youngtae/ws/ros_ws/build/urdf_tutorial/prefix_override:/usr/lib/python3/dist-packages/colcon_core/task/python/colcon_distutils_commands:/home/youngtae/ws/ros_ws/install/urdf_tutorial/lib/python3.10/site-packages:${PYTHONPATH} /usr/bin/python3 -W ignore:setup.py install is deprecated -W ignore:easy_install command is deprecated setup.py develop --uninstall --editable --build-directory /home/youngtae/ws/ros_ws/build/urdf_tutorial/build
[1.254s] DEBUG:colcon.colcon_core.event_handler.log_command:Invoking command in '/home/youngtae/ws/ros_ws/src/urdf_tutorial': PYTHONPATH=/home/youngtae/ws/ros_ws/build/urdf_tutorial/prefix_override:/usr/lib/python3/dist-packages/colcon_core/task/python/colcon_distutils_commands:/home/youngtae/ws/ros_ws/install/urdf_tutorial/lib/python3.10/site-packages:${PYTHONPATH} /usr/bin/python3 -W ignore:setup.py install is deprecated -W ignore:easy_install command is deprecated setup.py egg_info --egg-base ../../build/urdf_tutorial build --build-base /home/youngtae/ws/ros_ws/build/urdf_tutorial/build install --record /home/youngtae/ws/ros_ws/build/urdf_tutorial/install.log --single-version-externally-managed install_data --force
[1.446s] DEBUG:colcon.colcon_core.event_handler.log_command:Invoked command in '/home/youngtae/ws/ros_ws/src/urdf_tutorial' returned '0': PYTHONPATH=/home/youngtae/ws/ros_ws/build/urdf_tutorial/prefix_override:/usr/lib/python3/dist-packages/colcon_core/task/python/colcon_distutils_commands:/home/youngtae/ws/ros_ws/install/urdf_tutorial/lib/python3.10/site-packages:${PYTHONPATH} /usr/bin/python3 -W ignore:setup.py install is deprecated -W ignore:easy_install command is deprecated setup.py egg_info --egg-base ../../build/urdf_tutorial build --build-base /home/youngtae/ws/ros_ws/build/urdf_tutorial/build install --record /home/youngtae/ws/ros_ws/build/urdf_tutorial/install.log --single-version-externally-managed install_data --force
[1.448s] Level 1:colcon.colcon_core.environment:checking '/home/youngtae/ws/ros_ws/install/urdf_tutorial' for CMake module files
[1.449s] Level 1:colcon.colcon_core.environment:checking '/home/youngtae/ws/ros_ws/install/urdf_tutorial' for CMake config files
[1.449s] Level 1:colcon.colcon_core.environment:checking '/home/youngtae/ws/ros_ws/install/urdf_tutorial/lib'
[1.449s] Level 1:colcon.colcon_core.environment:checking '/home/youngtae/ws/ros_ws/install/urdf_tutorial/bin'
[1.449s] Level 1:colcon.colcon_core.environment:checking '/home/youngtae/ws/ros_ws/install/urdf_tutorial/lib/pkgconfig/urdf_tutorial.pc'
[1.450s] Level 1:colcon.colcon_core.environment:checking '/home/youngtae/ws/ros_ws/install/urdf_tutorial/lib/python3.10/site-packages'
[1.450s] Level 1:colcon.colcon_core.shell:create_environment_hook('urdf_tutorial', 'pythonpath')
[1.450s] INFO:colcon.colcon_core.shell:Creating environment hook '/home/youngtae/ws/ros_ws/install/urdf_tutorial/share/urdf_tutorial/hook/pythonpath.ps1'
[1.450s] INFO:colcon.colcon_core.shell:Creating environment descriptor '/home/youngtae/ws/ros_ws/install/urdf_tutorial/share/urdf_tutorial/hook/pythonpath.dsv'
[1.450s] INFO:colcon.colcon_core.shell:Creating environment hook '/home/youngtae/ws/ros_ws/install/urdf_tutorial/share/urdf_tutorial/hook/pythonpath.sh'
[1.451s] Level 1:colcon.colcon_core.environment:checking '/home/youngtae/ws/ros_ws/install/urdf_tutorial/bin'
[1.451s] Level 1:colcon.colcon_core.environment:create_environment_scripts_only(urdf_tutorial)
[1.451s] INFO:colcon.colcon_core.shell:Creating package script '/home/youngtae/ws/ros_ws/install/urdf_tutorial/share/urdf_tutorial/package.ps1'
[1.452s] INFO:colcon.colcon_core.shell:Creating package descriptor '/home/youngtae/ws/ros_ws/install/urdf_tutorial/share/urdf_tutorial/package.dsv'
[1.452s] INFO:colcon.colcon_core.shell:Creating package script '/home/youngtae/ws/ros_ws/install/urdf_tutorial/share/urdf_tutorial/package.sh'
[1.452s] INFO:colcon.colcon_core.shell:Creating package script '/home/youngtae/ws/ros_ws/install/urdf_tutorial/share/urdf_tutorial/package.bash'
[1.453s] INFO:colcon.colcon_core.shell:Creating package script '/home/youngtae/ws/ros_ws/install/urdf_tutorial/share/urdf_tutorial/package.zsh'
[1.453s] Level 1:colcon.colcon_core.environment:create_file_with_runtime_dependencies(/home/youngtae/ws/ros_ws/install/urdf_tutorial/share/colcon-core/packages/urdf_tutorial)
[1.454s] DEBUG:colcon.colcon_parallel_executor.executor.parallel:closing loop
[1.454s] DEBUG:colcon.colcon_parallel_executor.executor.parallel:loop closed
[1.454s] DEBUG:colcon.colcon_parallel_executor.executor.parallel:run_until_complete finished with '0'
[1.454s] DEBUG:colcon.colcon_core.event_reactor:joining thread
[1.459s] INFO:colcon.colcon_core.plugin_system:Skipping extension 'colcon_notification.desktop_notification.terminal_notifier': Not used on non-Darwin systems
[1.459s] INFO:colcon.colcon_core.plugin_system:Skipping extension 'colcon_notification.desktop_notification.win32': Not used on non-Windows systems
[1.459s] INFO:colcon.colcon_notification.desktop_notification:Sending desktop notification using 'notify2'
[1.470s] DEBUG:colcon.colcon_core.event_reactor:joined thread
[1.470s] INFO:colcon.colcon_core.shell:Creating prefix script '/home/youngtae/ws/ros_ws/install/local_setup.ps1'
[1.471s] INFO:colcon.colcon_core.shell:Creating prefix util module '/home/youngtae/ws/ros_ws/install/_local_setup_util_ps1.py'
[1.472s] INFO:colcon.colcon_core.shell:Creating prefix chain script '/home/youngtae/ws/ros_ws/install/setup.ps1'
[1.473s] INFO:colcon.colcon_core.shell:Creating prefix script '/home/youngtae/ws/ros_ws/install/local_setup.sh'
[1.473s] INFO:colcon.colcon_core.shell:Creating prefix util module '/home/youngtae/ws/ros_ws/install/_local_setup_util_sh.py'
[1.474s] INFO:colcon.colcon_core.shell:Creating prefix chain script '/home/youngtae/ws/ros_ws/install/setup.sh'
[1.474s] INFO:colcon.colcon_core.shell:Creating prefix script '/home/youngtae/ws/ros_ws/install/local_setup.bash'
[1.475s] INFO:colcon.colcon_core.shell:Creating prefix chain script '/home/youngtae/ws/ros_ws/install/setup.bash'
[1.475s] INFO:colcon.colcon_core.shell:Creating prefix script '/home/youngtae/ws/ros_ws/install/local_setup.zsh'
[1.475s] INFO:colcon.colcon_core.shell:Creating prefix chain script '/home/youngtae/ws/ros_ws/install/setup.zsh'
