/home/youngtae/ws/ros_ws/install/urdf_tutorial/lib/python3.10/site-packages/urdf_tutorial/__init__.py
/home/youngtae/ws/ros_ws/install/urdf_tutorial/lib/python3.10/site-packages/urdf_tutorial/__pycache__/__init__.cpython-310.pyc
/home/youngtae/ws/ros_ws/install/urdf_tutorial/share/ament_index/resource_index/packages/urdf_tutorial
/home/youngtae/ws/ros_ws/install/urdf_tutorial/share/urdf_tutorial/package.xml
/home/youngtae/ws/ros_ws/install/urdf_tutorial/share/urdf_tutorial/launch/robot_4.launch.py
/home/youngtae/ws/ros_ws/install/urdf_tutorial/share/urdf_tutorial/launch/sim.launch.py
/home/youngtae/ws/ros_ws/install/urdf_tutorial/share/urdf_tutorial/launch/robot_2.launch.py
/home/youngtae/ws/ros_ws/install/urdf_tutorial/share/urdf_tutorial/launch/camera.launch.py
/home/youngtae/ws/ros_ws/install/urdf_tutorial/share/urdf_tutorial/launch/lidar.launch.py
/home/youngtae/ws/ros_ws/install/urdf_tutorial/share/urdf_tutorial/launch/robot_3.launch.py
/home/youngtae/ws/ros_ws/install/urdf_tutorial/share/urdf_tutorial/launch/robot_5.launch.py
/home/youngtae/ws/ros_ws/install/urdf_tutorial/share/urdf_tutorial/launch/robot_1.launch.py
/home/youngtae/ws/ros_ws/install/urdf_tutorial/share/urdf_tutorial/urdf/robot_3.xacro
/home/youngtae/ws/ros_ws/install/urdf_tutorial/share/urdf_tutorial/urdf/robot_5.xacro
/home/youngtae/ws/ros_ws/install/urdf_tutorial/share/urdf_tutorial/urdf/gazebo.xacro
/home/youngtae/ws/ros_ws/install/urdf_tutorial/share/urdf_tutorial/urdf/camera.xacro
/home/youngtae/ws/ros_ws/install/urdf_tutorial/share/urdf_tutorial/urdf/macros.xacro
/home/youngtae/ws/ros_ws/install/urdf_tutorial/share/urdf_tutorial/urdf/lidar.xacro
/home/youngtae/ws/ros_ws/install/urdf_tutorial/share/urdf_tutorial/urdf/robot_2.xacro
/home/youngtae/ws/ros_ws/install/urdf_tutorial/share/urdf_tutorial/urdf/robot_1.xacro
/home/youngtae/ws/ros_ws/install/urdf_tutorial/share/urdf_tutorial/urdf/robot_4.xacro
/home/youngtae/ws/ros_ws/install/urdf_tutorial/lib/python3.10/site-packages/urdf_tutorial-0.0.0-py3.10.egg-info/dependency_links.txt
/home/youngtae/ws/ros_ws/install/urdf_tutorial/lib/python3.10/site-packages/urdf_tutorial-0.0.0-py3.10.egg-info/top_level.txt
/home/youngtae/ws/ros_ws/install/urdf_tutorial/lib/python3.10/site-packages/urdf_tutorial-0.0.0-py3.10.egg-info/SOURCES.txt
/home/youngtae/ws/ros_ws/install/urdf_tutorial/lib/python3.10/site-packages/urdf_tutorial-0.0.0-py3.10.egg-info/entry_points.txt
/home/youngtae/ws/ros_ws/install/urdf_tutorial/lib/python3.10/site-packages/urdf_tutorial-0.0.0-py3.10.egg-info/requires.txt
/home/youngtae/ws/ros_ws/install/urdf_tutorial/lib/python3.10/site-packages/urdf_tutorial-0.0.0-py3.10.egg-info/PKG-INFO
/home/youngtae/ws/ros_ws/install/urdf_tutorial/lib/python3.10/site-packages/urdf_tutorial-0.0.0-py3.10.egg-info/zip-safe
